<?xml version="1.0" encoding="UTF-8"?>
<testng-results ignored="0" total="2" passed="2" failed="0" skipped="0">
  <reporter-output>
  </reporter-output>
  <suite started-at="2021-07-09T00:12:43 IST" name="Suite" finished-at="2021-07-09T00:12:57 IST" duration-ms="13970">
    <groups>
    </groups>
    <test started-at="2021-07-09T00:12:43 IST" name="Test" finished-at="2021-07-09T00:12:57 IST" duration-ms="13970">
      <class name="test.TestngDemo2">
        <test-method is-config="true" signature="setUp()[pri:0, instance:test.TestngDemo2@63355449]" started-at="2021-07-09T00:12:44 IST" name="setUp" finished-at="2021-07-09T00:12:45 IST" duration-ms="1160" status="PASS">
          <reporter-output>
          </reporter-output>
        </test-method> <!-- setUp -->
        <test-method signature="GoogleSearch1()[pri:0, instance:test.TestngDemo2@63355449]" started-at="2021-07-09T00:12:47 IST" name="GoogleSearch1" finished-at="2021-07-09T00:12:48 IST" duration-ms="1223" status="PASS">
          <reporter-output>
          </reporter-output>
        </test-method> <!-- GoogleSearch1 -->
        <test-method is-config="true" signature="tearDown()[pri:0, instance:test.TestngDemo2@63355449]" started-at="2021-07-09T00:12:52 IST" name="tearDown" finished-at="2021-07-09T00:12:57 IST" duration-ms="4153" status="PASS">
          <reporter-output>
          </reporter-output>
        </test-method> <!-- tearDown -->
      </class> <!-- test.TestngDemo2 -->
      <class name="test.TestngDemo">
        <test-method is-config="true" signature="setUp()[pri:0, instance:test.TestngDemo@57c758ac]" started-at="2021-07-09T00:12:43 IST" name="setUp" finished-at="2021-07-09T00:12:44 IST" duration-ms="1592" status="PASS">
          <reporter-output>
          </reporter-output>
        </test-method> <!-- setUp -->
        <test-method signature="GoogleSearch()[pri:0, instance:test.TestngDemo@57c758ac]" started-at="2021-07-09T00:12:45 IST" name="GoogleSearch" finished-at="2021-07-09T00:12:47 IST" duration-ms="1640" status="PASS">
          <reporter-output>
          </reporter-output>
        </test-method> <!-- GoogleSearch -->
        <test-method is-config="true" signature="tearDown()[pri:0, instance:test.TestngDemo@57c758ac]" started-at="2021-07-09T00:12:48 IST" name="tearDown" finished-at="2021-07-09T00:12:52 IST" duration-ms="4142" status="PASS">
          <reporter-output>
          </reporter-output>
        </test-method> <!-- tearDown -->
      </class> <!-- test.TestngDemo -->
    </test> <!-- Test -->
  </suite> <!-- Suite -->
</testng-results>
